生成启动时间为 2025/10/17 17:09:07。
     1>项目“C:\Users\pc\Desktop\my_python_nots\c语言学习\一个用来尝试全局变量的项目（工程)\一个用来尝试全局变量的项目（工程)\一个用来尝试全局变量的项目（工程).vcxproj”在节点 2 上(build 个目标)。
     1>InitializeBuildStatus:
         正在创建“Debug\一个用来尝试全局变量的项目（工程).unsuccessfulbuild”，因为已指定“AlwaysCreate”。
       ClCompile:
         D:\Program Files (x86)\VC\bin\CL.exe /c /ZI /nologo /W3 /WX- /Od /Oy- /D WIN32 /D _DEBUG /D _CONSOLE /D _UNICODE /D UNICODE /Gm /EHsc /RTC1 /MDd /GS /fp:precise /Zc:wchar_t /Zc:forScope /Fo"Debug\\" /Fd"Debug\vc100.pdb" /Gd /TC /analyze- /errorReport:prompt "输出另一个文件中的全局变量的测试文件.c"
         输出另一个文件中的全局变量的测试文件.c
       ManifestResourceCompile:
         所有输出均为最新。
       Link:
         D:\Program Files (x86)\VC\bin\link.exe /ERRORREPORT:PROMPT /OUT:"C:\Users\pc\Desktop\my_python_nots\c语言学习\一个用来尝试全局变量的项目（工程)\Debug\一个用来尝试全局变量的项目（工程).exe" /INCREMENTAL /NOLOGO kernel32.lib user32.lib gdi32.lib winspool.lib comdlg32.lib advapi32.lib shell32.lib ole32.lib oleaut32.lib uuid.lib odbc32.lib odbccp32.lib /MANIFEST /ManifestFile:"Debug\一个用来尝试全局变量的项目（工程).exe.intermediate.manifest" /MANIFESTUAC:"level='asInvoker' uiAccess='false'" /DEBUG /PDB:"C:\Users\pc\Desktop\my_python_nots\c语言学习\一个用来尝试全局变量的项目（工程)\Debug\一个用来尝试全局变量的项目（工程).pdb" /SUBSYSTEM:CONSOLE /TLBID:1 /DYNAMICBASE /NXCOMPAT /IMPLIB:"C:\Users\pc\Desktop\my_python_nots\c语言学习\一个用来尝试全局变量的项目（工程)\Debug\一个用来尝试全局变量的项目（工程).lib" /MACHINE:X86 "Debug\一个用来尝试全局变量的项目（工程).exe.embed.manifest.res"
         "Debug\定义一个全局变量a.obj"
         "Debug\输出另一个文件中的全局变量的测试文件.obj"
       Manifest:
         C:\Program Files (x86)\Microsoft SDKs\Windows\v7.0A\bin\mt.exe /nologo /verbose /out:"Debug\一个用来尝试全局变量的项目（工程).exe.embed.manifest" /manifest "Debug\一个用来尝试全局变量的项目（工程).exe.intermediate.manifest"
         所有输出均为最新。
       LinkEmbedManifest:
         所有输出均为最新。
         一个用来尝试全局变量的项目（工程).vcxproj -> C:\Users\pc\Desktop\my_python_nots\c语言学习\一个用来尝试全局变量的项目（工程)\Debug\一个用来尝试全局变量的项目（工程).exe
       FinalizeBuildStatus:
         正在删除文件“Debug\一个用来尝试全局变量的项目（工程).unsuccessfulbuild”。
         正在对“Debug\一个用来尝试全局变量的项目（工程).lastbuildstate”执行 Touch 任务。
     1>已完成生成项目“C:\Users\pc\Desktop\my_python_nots\c语言学习\一个用来尝试全局变量的项目（工程)\一个用来尝试全局变量的项目（工程)\一个用来尝试全局变量的项目（工程).vcxproj”(build 个目标)的操作。

生成成功。

已用时间 00:00:01.07
