生成启动时间为 2025/10/28 15:13:01。
     1>项目“C:\Users\pc\Desktop\c语言学习\一个用c语言写的小游戏\一个用c语言写的小游戏\一个用c语言写的小游戏.vcxproj”在节点 2 上(build 个目标)。
     1>InitializeBuildStatus:
         正在创建“Debug\一个用c语言写的小游戏.unsuccessfulbuild”，因为已指定“AlwaysCreate”。
       ClCompile:
         D:\Program Files (x86)\VC\bin\CL.exe /c /ZI /nologo /W3 /WX- /Od /Oy- /D WIN32 /D _DEBUG /D _CONSOLE /D _UNICODE /D UNICODE /Gm /EHsc /RTC1 /MDd /GS /fp:precise /Zc:wchar_t /Zc:forScope /Fo"Debug\\" /Fd"Debug\vc100.pdb" /Gd /TC /analyze- /errorReport:prompt "mao_xian_kkk支线.c" "mao_xian支线剧情.c" xing_sho_cun.c
         xing_sho_cun.c
     1>c:\users\pc\desktop\c语言学习\一个用c语言写的小游戏\一个用c语言写的小游戏\xing_sho_cun.c(13): warning C4996: 'scanf': This function or variable may be unsafe. Consider using scanf_s instead. To disable deprecation, use _CRT_SECURE_NO_WARNINGS. See online help for details.
                 d:\program files (x86)\vc\include\stdio.h(304) : 参见“scanf”的声明
         mao_xian支线剧情.c
     1>c:\users\pc\desktop\c语言学习\一个用c语言写的小游戏\一个用c语言写的小游戏\mao_xian支线剧情.c(19): warning C4996: 'scanf': This function or variable may be unsafe. Consider using scanf_s instead. To disable deprecation, use _CRT_SECURE_NO_WARNINGS. See online help for details.
                 d:\program files (x86)\vc\include\stdio.h(304) : 参见“scanf”的声明
         mao_xian_kkk支线.c
         正在生成代码...
       ManifestResourceCompile:
         所有输出均为最新。
       Link:
         D:\Program Files (x86)\VC\bin\link.exe /ERRORREPORT:PROMPT /OUT:"C:\Users\pc\Desktop\c语言学习\一个用c语言写的小游戏\Debug\一个用c语言写的小游戏.exe" /INCREMENTAL /NOLOGO kernel32.lib user32.lib gdi32.lib winspool.lib comdlg32.lib advapi32.lib shell32.lib ole32.lib oleaut32.lib uuid.lib odbc32.lib odbccp32.lib /MANIFEST /ManifestFile:"Debug\一个用c语言写的小游戏.exe.intermediate.manifest" /MANIFESTUAC:"level='asInvoker' uiAccess='false'" /DEBUG /PDB:"C:\Users\pc\Desktop\c语言学习\一个用c语言写的小游戏\Debug\一个用c语言写的小游戏.pdb" /SUBSYSTEM:CONSOLE /TLBID:1 /DYNAMICBASE /NXCOMPAT /IMPLIB:"C:\Users\pc\Desktop\c语言学习\一个用c语言写的小游戏\Debug\一个用c语言写的小游戏.lib" /MACHINE:X86 "Debug\一个用c语言写的小游戏.exe.embed.manifest.res"
         "Debug\lian_ai支线的剧情.obj"
         "Debug\mao_xian_kkk支线.obj"
         "Debug\mao_xian支线剧情.obj"
         Debug\xing_sho_cun.obj
         "Debug\一个if的嵌套.obj"
         "Debug\一个函数的实现.obj"
       Manifest:
         C:\Program Files (x86)\Microsoft SDKs\Windows\v7.0A\bin\mt.exe /nologo /verbose /out:"Debug\一个用c语言写的小游戏.exe.embed.manifest" /manifest "Debug\一个用c语言写的小游戏.exe.intermediate.manifest"
         所有输出均为最新。
       LinkEmbedManifest:
         所有输出均为最新。
         一个用c语言写的小游戏.vcxproj -> C:\Users\pc\Desktop\c语言学习\一个用c语言写的小游戏\Debug\一个用c语言写的小游戏.exe
       FinalizeBuildStatus:
         正在删除文件“Debug\一个用c语言写的小游戏.unsuccessfulbuild”。
         正在对“Debug\一个用c语言写的小游戏.lastbuildstate”执行 Touch 任务。
     1>已完成生成项目“C:\Users\pc\Desktop\c语言学习\一个用c语言写的小游戏\一个用c语言写的小游戏\一个用c语言写的小游戏.vcxproj”(build 个目标)的操作。

生成成功。

已用时间 00:00:02.09
